Determining if the pthread_create exist failed with the following output:
Change Dir: /home/james/mybot_ws/build/CMakeFiles/CMakeTmp

Run Build Command:"/usr/bin/make" "cmTC_1d551/fast"
/usr/bin/make -f CMakeFiles/cmTC_1d551.dir/build.make CMakeFiles/cmTC_1d551.dir/build
make[1]: Entering directory '/home/james/mybot_ws/build/CMakeFiles/CMakeTmp'
Building C object CMakeFiles/cmTC_1d551.dir/CheckSymbolExists.c.o
/usr/bin/cc     -o CMakeFiles/cmTC_1d551.dir/CheckSymbolExists.c.o   -c /home/james/mybot_ws/build/CMakeFiles/CMakeTmp/CheckSymbolExists.c
Linking C executable cmTC_1d551
/usr/bin/cmake -E cmake_link_script CMakeFiles/cmTC_1d551.dir/link.txt --verbose=1
/usr/bin/cc       CMakeFiles/cmTC_1d551.dir/CheckSymbolExists.c.o  -o cmTC_1d551 -rdynamic 
CMakeFiles/cmTC_1d551.dir/CheckSymbolExists.c.o: In function `main':
CheckSymbolExists.c:(.text+0xa): undefined reference to `pthread_create'
collect2: error: ld returned 1 exit status
CMakeFiles/cmTC_1d551.dir/build.make:97: recipe for target 'cmTC_1d551' failed
make[1]: *** [cmTC_1d551] Error 1
make[1]: Leaving directory '/home/james/mybot_ws/build/CMakeFiles/CMakeTmp'
Makefile:126: recipe for target 'cmTC_1d551/fast' failed
make: *** [cmTC_1d551/fast] Error 2

File /home/james/mybot_ws/build/CMakeFiles/CMakeTmp/CheckSymbolExists.c:
/* */
#include <pthread.h>

int main(int argc, char** argv)
{
  (void)argv;
#ifndef pthread_create
  return ((int*)(&pthread_create))[argc];
#else
  (void)argc;
  return 0;
#endif
}

Determining if the function pthread_create exists in the pthreads failed with the following output:
Change Dir: /home/james/mybot_ws/build/CMakeFiles/CMakeTmp

Run Build Command:"/usr/bin/make" "cmTC_28cea/fast"
/usr/bin/make -f CMakeFiles/cmTC_28cea.dir/build.make CMakeFiles/cmTC_28cea.dir/build
make[1]: Entering directory '/home/james/mybot_ws/build/CMakeFiles/CMakeTmp'
Building C object CMakeFiles/cmTC_28cea.dir/CheckFunctionExists.c.o
/usr/bin/cc    -DCHECK_FUNCTION_EXISTS=pthread_create   -o CMakeFiles/cmTC_28cea.dir/CheckFunctionExists.c.o   -c /usr/share/cmake-3.5/Modules/CheckFunctionExists.c
Linking C executable cmTC_28cea
/usr/bin/cmake -E cmake_link_script CMakeFiles/cmTC_28cea.dir/link.txt --verbose=1
/usr/bin/cc   -DCHECK_FUNCTION_EXISTS=pthread_create    CMakeFiles/cmTC_28cea.dir/CheckFunctionExists.c.o  -o cmTC_28cea -rdynamic -lpthreads 
/usr/bin/ld: cannot find -lpthreads
collect2: error: ld returned 1 exit status
CMakeFiles/cmTC_28cea.dir/build.make:97: recipe for target 'cmTC_28cea' failed
make[1]: *** [cmTC_28cea] Error 1
make[1]: Leaving directory '/home/james/mybot_ws/build/CMakeFiles/CMakeTmp'
Makefile:126: recipe for target 'cmTC_28cea/fast' failed
make: *** [cmTC_28cea/fast] Error 2


